RUN	Parabank	parabank	1646718856499	demo	3.7.6
USER	Parabank	START	1646718858183
REQUEST		App_URL_REQUEST	1646718858207	1646718860316	OK	 
REQUEST		css?family=Open+Sans:300,600&subset=latin,latin-ext	1646718860606	1646718860755	OK	 
REQUEST		favicon.ico?1461205423	1646718860598	1646718860952	OK	 
REQUEST		blockbanner.css	1646718860960	1646718861316	OK	 
REQUEST		responsive-tables.css	1646718860603	1646718861340	OK	 
REQUEST		highdpi.css	1646718860600	1646718861354	OK	 
REQUEST		jquery.fancybox.css	1646718860605	1646718861366	OK	 
REQUEST		uniform.default.css	1646718860604	1646718861384	OK	 
REQUEST		global.css	1646718860599	1646718861473	OK	 
REQUEST		product_list.css	1646718861331	1646718861653	OK	 
REQUEST		blockcart.css	1646718861349	1646718861675	OK	 
REQUEST		blockcategories.css	1646718861360	1646718861699	OK	 
REQUEST		blockcurrencies.css	1646718861377	1646718861713	OK	 
REQUEST		jquery.autocomplete.css	1646718861710	1646718862029	OK	 
REQUEST		blockfacebook.css	1646718861391	1646718862043	OK	 
REQUEST		blocksearch.css	1646718861727	1646718862093	OK	 
REQUEST		blocklanguages.css	1646718861511	1646718862155	OK	 
REQUEST		blockcontact.css	1646718861668	1646718862296	OK	 
REQUEST		blocknewsletter.css	1646718861684	1646718862372	OK	 
REQUEST		blocktags.css	1646718862034	1646718862374	OK	 
REQUEST		blockuserinfo.css	1646718862047	1646718862402	OK	 
REQUEST		blockviewed.css	1646718862095	1646718862417	OK	 
REQUEST		homeslider.css	1646718862161	1646718862483	OK	 
REQUEST		hooks.css	1646718862297	1646718862609	OK	 
REQUEST		productcomments.css	1646718862375	1646718862707	OK	 
REQUEST		blockwishlist.css	1646718862373	1646718862715	OK	 
REQUEST		editorial.css	1646718862403	1646718862722	OK	 
REQUEST		blocktopmenu.css	1646718862418	1646718862741	OK	 
REQUEST		jquery-1.11.0.min.js	1646718862624	1646718862947	OK	 
REQUEST		jquery-migrate-1.2.1.min.js	1646718862713	1646718863031	OK	 
REQUEST		tools.js	1646718862726	1646718863044	OK	 
REQUEST		jquery.easing.js	1646718862720	1646718863059	OK	 
REQUEST		global.js	1646718862744	1646718863079	OK	 
REQUEST		superfish-modified.css	1646718862489	1646718863166	OK	 
REQUEST		15-jquery.total-storage.min.js	1646718863033	1646718863350	OK	 
REQUEST		ajax-cart.js	1646718863168	1646718863500	OK	 
REQUEST		10-bootstrap.min.js	1646718862947	1646718863635	OK	 
REQUEST		jquery.scrollTo.js	1646718863350	1646718863667	OK	 
REQUEST		15-jquery.uniform-modified.js	1646718863049	1646718863687	OK	 
REQUEST		jquery.fancybox.js	1646718863063	1646718863705	OK	 
REQUEST		products-comparison.js	1646718863087	1646718863769	OK	 
REQUEST		treeManagement.js	1646718863668	1646718863995	OK	 
REQUEST		jquery.autocomplete.js	1646718863770	1646718864090	OK	 
REQUEST		jquery.serialScroll.js	1646718863502	1646718864143	OK	 
REQUEST		jquery.bxslider.js	1646718863635	1646718864273	OK	 
REQUEST		blocksearch.js	1646718863999	1646718864314	OK	 
REQUEST		blockfacebook.js	1646718863688	1646718864325	OK	 
REQUEST		blocknewsletter.js	1646718863705	1646718864336	OK	 
REQUEST		ajax-wishlist.js	1646718864144	1646718864458	OK	 
REQUEST		superfish-modified.js	1646718864316	1646718864633	OK	 
REQUEST		blocktopmenu.js	1646718864328	1646718864691	OK	 
REQUEST		index.js	1646718864339	1646718864695	OK	 
REQUEST		homeslider.js	1646718864093	1646718864730	OK	 
REQUEST		hoverIntent.js	1646718864280	1646718864919	OK	 
REQUEST		3-0_thumb.jpg	1646718864693	1646718865010	OK	 
REQUEST		3-1_thumb.jpg	1646718864702	1646718865021	OK	 
REQUEST		sample-1.jpg	1646718864733	1646718865065	OK	 
REQUEST		sale70.png	1646718864461	1646718865138	OK	 
REQUEST		sample-2.jpg	1646718864920	1646718865254	OK	 
REQUEST		logo.jpg	1646718864635	1646718865359	OK	 
REQUEST		sample-3.jpg	1646718865013	1646718865668	OK	 
REQUEST		banner-img6.jpg	1646718865023	1646718865676	OK	 
REQUEST		banner-img7.jpg	1646718865072	1646718865719	OK	 
REQUEST		1-home_default.jpg	1646718865139	1646718865797	OK	 
REQUEST		7-home_default.jpg	1646718865256	1646718865945	OK	 
REQUEST		8-home_default.jpg	1646718865361	1646718866000	OK	 
REQUEST		banner-img1.jpg	1646718865947	1646718866286	OK	 
REQUEST		12-home_default.jpg	1646718865678	1646718866310	OK	 
REQUEST		10-home_default.jpg	1646718865671	1646718866315	OK	 
REQUEST		16-home_default.jpg	1646718865720	1646718866395	OK	 
REQUEST		20-home_default.jpg	1646718865799	1646718866460	OK	 
REQUEST		banner-img2.jpg	1646718866002	1646718866707	OK	 
REQUEST		banner-img3.jpg	1646718866289	1646718866987	OK	 
REQUEST		banner-img5.jpg	1646718866318	1646718866990	OK	 
REQUEST		banner-img4.jpg	1646718866312	1646718867038	OK	 
REQUEST		SEARCHING_DRESS_ON_SEARCH_BUTTON	1646718870045	1646718871213	OK	 
REQUEST		request_2	1646718873226	1646718875266	OK	 
REQUEST		jquery.fancybox.css	1646718875377	1646718875788	OK	 
REQUEST		responsive-tables.css	1646718875375	1646718876101	OK	 
REQUEST		favicon.ico?1461205423	1646718875371	1646718876106	OK	 
REQUEST		highdpi.css	1646718875374	1646718876116	OK	 
REQUEST		product.css	1646718875794	1646718876137	OK	 
REQUEST		uniform.default.css	1646718875376	1646718876167	OK	 
REQUEST		global.css	1646718875373	1646718876180	OK	 
REQUEST		print.css	1646718876104	1646718876419	OK	 
REQUEST		socialsharing.css	1646718876108	1646718876430	OK	 
REQUEST		sendtoafriend.css	1646718876134	1646718876456	OK	 
REQUEST		socialsharing.js	1646718876181	1646718876506	OK	 
REQUEST		product.js	1646718876179	1646718876510	OK	 
REQUEST		jquery.rating.pack.js	1646718876428	1646718876810	OK	 
REQUEST		sendtoafriend.js	1646718876435	1646718876814	OK	 
REQUEST		jquery.textareaCounter.plugin.js	1646718876462	1646718876817	OK	 
REQUEST		jquery.idTabs.js	1646718876164	1646718876821	OK	 
REQUEST		productcomments.js	1646718876509	1646718876832	OK	 
REQUEST		10-cart_default.jpg	1646718876811	1646718877125	OK	 
REQUEST		11-cart_default.jpg	1646718876815	1646718877130	OK	 
REQUEST		payment-logo.png	1646718876820	1646718877143	OK	 
REQUEST		10-medium_default.jpg	1646718876825	1646718877146	OK	 
REQUEST		10-large_default.jpg	1646718876512	1646718877148	OK	 
REQUEST		ADD_TO_CART_REQUEST	1646718879159	1646718880183	OK	 
REQUEST		request_4	1646718881187	1646718883161	OK	 
REQUEST		jquery.fancybox.css	1646718883221	1646718883552	OK	 
REQUEST		uniform.default.css	1646718883221	1646718883875	OK	 
REQUEST		favicon.ico?1461205423	1646718883218	1646718883885	OK	 
REQUEST		global.css	1646718883218	1646718883889	OK	 
REQUEST		highdpi.css	1646718883219	1646718883895	OK	 
REQUEST		responsive-tables.css	1646718883220	1646718883896	OK	 
REQUEST		addresses.css	1646718883553	1646718883898	OK	 
REQUEST		jquery.typewatch.js	1646718883884	1646718884286	OK	 
REQUEST		10-small_default.jpg	1646718883894	1646718884289	OK	 
REQUEST		cart-summary.js	1646718883887	1646718884292	OK	 
USER	Parabank	END	1646718884310
