RUN	YoutubeSimulation	youtubesimulation	1648541259346	sachgaui	3.7.6
USER	YoutubeSimulation	START	1648541260765
REQUEST		request_0	1648541260792	1648541261151	OK	 
REQUEST		request_0 Redirect 1	1648541261178	1648541262412	OK	 
REQUEST		request_1	1648541262609	1648541262776	OK	 
REQUEST		css2?family=Roboto:wght@300;400;500;700&family=YouTube+Sans:wght@300..900&display=swap	1648541262532	1648541262833	OK	 
REQUEST		request_2	1648541262610	1648541263526	OK	 
REQUEST		request_3	1648541264534	1648541264776	OK	 
REQUEST		request_3 Redirect 1	1648541264777	1648541264898	OK	 
REQUEST		request_4	1648541265081	1648541265193	OK	 
REQUEST		request_15	1648541265104	1648541265198	OK	 
REQUEST		request_16	1648541265106	1648541265204	OK	 
REQUEST		request_13	1648541264917	1648541265333	OK	 
REQUEST		request_8	1648541265070	1648541265338	OK	 
REQUEST		request_11	1648541265078	1648541265340	OK	 
REQUEST		request_18	1648541264993	1648541265341	OK	 
REQUEST		request_9	1648541265073	1648541265342	OK	 
REQUEST		request_10	1648541265076	1648541265344	OK	 
REQUEST		request_6	1648541264909	1648541265365	OK	 
REQUEST		request_12	1648541265087	1648541265395	KO	status.find.in([200, 209], 304), found 401
REQUEST		request_7	1648541265084	1648541265398	KO	status.find.in([200, 209], 304), found 401
REQUEST		request_5	1648541265095	1648541265404	OK	 
REQUEST		request_14	1648541265089	1648541265411	KO	status.find.in([200, 209], 304), found 401
REQUEST		request_19	1648541265068	1648541265412	OK	 
REQUEST		request_20	1648541265184	1648541265414	OK	 
REQUEST		request_22	1648541265093	1648541265422	KO	status.find.in([200, 209], 304), found 401
REQUEST		request_17	1648541265108	1648541265423	OK	 
REQUEST		request_21	1648541265091	1648541265424	KO	status.find.in([200, 209], 304), found 401
REQUEST		request_23	1648541266426	1648541266512	OK	 
REQUEST		request_26	1648541266519	1648541266600	OK	 
REQUEST		request_24	1648541266528	1648541266610	KO	status.find.in([200, 209], 304), found 401
REQUEST		request_28	1648541266521	1648541266622	OK	 
REQUEST		request_25	1648541266523	1648541266694	OK	 
REQUEST		request_27	1648541266525	1648541266708	OK	 
REQUEST		request_29	1648541267712	1648541267794	OK	 
REQUEST		request_31	1648541267799	1648541267807	OK	 
REQUEST		request_33	1648541267800	1648541267809	OK	 
REQUEST		request_30	1648541267802	1648541267886	OK	 
REQUEST		request_32	1648541267803	1648541267894	OK	 
REQUEST		request_34	1648541267804	1648541268083	OK	 
REQUEST		request_35	1648541269086	1648541269171	OK	 
REQUEST		request_36	1648541269178	1648541269189	OK	 
REQUEST		request_37	1648541269180	1648541269193	OK	 
REQUEST		request_38	1648541269182	1648541269197	OK	 
REQUEST		request_39	1648541269184	1648541269201	OK	 
REQUEST		request_40	1648541269186	1648541269473	OK	 
USER	YoutubeSimulation	END	1648541269494
